warning: line feed missing after stream begin marker (177 0 R)
warning: line feed missing after stream begin marker (180 0 R)
warning: line feed missing after stream begin marker (174 0 R)
warning: line feed missing after stream begin marker (177 0 R)
warning: line feed missing after stream begin marker (174 0 R)
warning: line feed missing after stream begin marker (180 0 R)
warning: line feed missing after stream begin marker (183 0 R)
warning: line feed missing after stream begin marker (177 0 R)
warning: line feed missing after stream begin marker (180 0 R)
warning: line feed missing after stream begin marker (174 0 R)
warning: line feed missing after stream begin marker (183 0 R)
warning: line feed missing after stream begin marker (186 0 R)
warning: line feed missing after stream begin marker (180 0 R)
warning: line feed missing after stream begin marker (183 0 R)
warning: line feed missing after stream begin marker (177 0 R)
warning: line feed missing after stream begin marker (186 0 R)
warning: line feed missing after stream begin marker (189 0 R)
warning: line feed missing after stream begin marker (192 0 R)
warning: line feed missing after stream begin marker (195 0 R)
warning: line feed missing after stream begin marker (192 0 R)
warning: line feed missing after stream begin marker (189 0 R)
warning: line feed missing after stream begin marker (195 0 R)
warning: line feed missing after stream begin marker (186 0 R)
warning: line feed missing after stream begin marker (198 0 R)
warning: line feed missing after stream begin marker (195 0 R)
warning: line feed missing after stream begin marker (192 0 R)
warning: line feed missing after stream begin marker (198 0 R)
warning: line feed missing after stream begin marker (189 0 R)
warning: line feed missing after stream begin marker (186 0 R)
warning: line feed missing after stream begin marker (183 0 R)
warning: line feed missing after stream begin marker (180 0 R)
warning: line feed missing after stream begin marker (177 0 R)
warning: line feed missing after stream begin marker (174 0 R)
warning: line feed missing after stream begin marker (171 0 R)
warning: line feed missing after stream begin marker (168 0 R)
warning: line feed missing after stream begin marker (165 0 R)
warning: line feed missing after stream begin marker (162 0 R)
warning: line feed missing after stream begin marker (159 0 R)
warning: line feed missing after stream begin marker (156 0 R)
warning: line feed missing after stream begin marker (152 0 R)
warning: line feed missing after stream begin marker (156 0 R)
warning: line feed missing after stream begin marker (152 0 R)
warning: line feed missing after stream begin marker (159 0 R)
warning: line feed missing after stream begin marker (149 0 R)
warning: line feed missing after stream begin marker (162 0 R)
warning: line feed missing after stream begin marker (165 0 R)
warning: line feed missing after stream begin marker (168 0 R)
warning: line feed missing after stream begin marker (171 0 R)
warning: line feed missing after stream begin marker (174 0 R)
warning: line feed missing after stream begin marker (177 0 R)
warning: line feed missing after stream begin marker (180 0 R)
warning: line feed missing after stream begin marker (183 0 R)
warning: line feed missing after stream begin marker (186 0 R)
warning: line feed missing after stream begin marker (189 0 R)
warning: line feed missing after stream begin marker (192 0 R)
warning: line feed missing after stream begin marker (195 0 R)
warning: line feed missing after stream begin marker (198 0 R)
warning: line feed missing after stream begin marker (201 0 R)
warning: line feed missing after stream begin marker (195 0 R)
warning: line feed missing after stream begin marker (192 0 R)
warning: line feed missing after stream begin marker (198 0 R)
warning: line feed missing after stream begin marker (201 0 R)
warning: line feed missing after stream begin marker (204 0 R)
warning: line feed missing after stream begin marker (189 0 R)
warning: line feed missing after stream begin marker (186 0 R)
nothing to copy on page 59
ionothing to copy on page 59
warning: line feed missing after stream begin marker (195 0 R)
warning: line feed missing after stream begin marker (192 0 R)
warning: line feed missing after stream begin marker (198 0 R)
warning: line feed missing after stream begin marker (195 0 R)
warning: line feed missing after stream begin marker (192 0 R)
warning: line feed missing after stream begin marker (198 0 R)
warning: line feed missing after stream begin marker (201 0 R)
warning: line feed missing after stream begin marker (204 0 R)
warning: line feed missing after stream begin marker (207 0 R)
warning: line feed missing after stream begin marker (204 0 R)
warning: line feed missing after stream begin marker (201 0 R)
warning: line feed missing after stream begin marker (207 0 R)
warning: line feed missing after stream begin marker (204 0 R)
warning: line feed missing after stream begin marker (201 0 R)
warning: line feed missing after stream begin marker (207 0 R)
warning: line feed missing after stream begin marker (204 0 R)
warning: line feed missing after stream begin marker (201 0 R)
warning: line feed missing after stream begin marker (207 0 R)
warning: line feed missing after stream begin marker (210 0 R)
warning: line feed missing after stream begin marker (213 0 R)
warning: line feed missing after stream begin marker (204 0 R)
warning: line feed missing after stream begin marker (201 0 R)
warning: line feed missing after stream begin marker (207 0 R)
warning: line feed missing after stream begin marker (204 0 R)
warning: line feed missing after stream begin marker (207 0 R)
warning: line feed missing after stream begin marker (201 0 R)
warning: line feed missing after stream begin marker (210 0 R)
warning: line feed missing after stream begin marker (204 0 R)
warning: line feed missing after stream begin marker (207 0 R)
warning: line feed missing after stream begin marker (201 0 R)
warning: line feed missing after stream begin marker (204 0 R)
warning: line feed missing after stream begin marker (207 0 R)
warning: line feed missing after stream begin marker (201 0 R)
warning: line feed missing after stream begin marker (210 0 R)
warning: line feed missing after stream begin marker (213 0 R)
warning: line feed missing after stream begin marker (216 0 R)
warning: line feed missing after stream begin marker (219 0 R)
warning: line feed missing after stream begin marker (222 0 R)
warning: line feed missing after stream begin marker (198 0 R)
warning: line feed missing after stream begin marker (195 0 R)
warning: line feed missing after stream begin marker (192 0 R)
warning: line feed missing after stream begin marker (189 0 R)
warning: line feed missing after stream begin marker (186 0 R)
warning: line feed missing after stream begin marker (183 0 R)
warning: line feed missing after stream begin marker (180 0 R)
warning: line feed missing after stream begin marker (177 0 R)
warning: line feed missing after stream begin marker (174 0 R)
warning: line feed missing after stream begin marker (171 0 R)
warning: line feed missing after stream begin marker (168 0 R)
warning: line feed missing after stream begin marker (165 0 R)
warning: line feed missing after stream begin marker (162 0 R)
warning: line feed missing after stream begin marker (159 0 R)
warning: line feed missing after stream begin marker (156 0 R)
warning: line feed missing after stream begin marker (152 0 R)
warning: line feed missing after stream begin marker (149 0 R)
warning: line feed missing after stream begin marker (146 0 R)
warning: line feed missing after stream begin marker (143 0 R)
warning: line feed missing after stream begin marker (140 0 R)
warning: line feed missing after stream begin marker (137 0 R)
warning: line feed missing after stream begin marker (133 0 R)
warning: line feed missing after stream begin marker (130 0 R)
warning: line feed missing after stream begin marker (127 0 R)
warning: line feed missing after stream begin marker (124 0 R)
warning: line feed missing after stream begin marker (121 0 R)
warning: line feed missing after stream begin marker (118 0 R)
warning: line feed missing after stream begin marker (115 0 R)
warning: line feed missing after stream begin marker (112 0 R)
warning: line feed missing after stream begin marker (109 0 R)
warning: line feed missing after stream begin marker (106 0 R)
warning: line feed missing after stream begin marker (103 0 R)
warning: line feed missing after stream begin marker (100 0 R)
warning: line feed missing after stream begin marker (97 0 R)
warning: line feed missing after stream begin marker (94 0 R)
warning: line feed missing after stream begin marker (91 0 R)
warning: line feed missing after stream begin marker (88 0 R)
warning: line feed missing after stream begin marker (85 0 R)
warning: line feed missing after stream begin marker (82 0 R)
warning: line feed missing after stream begin marker (79 0 R)
warning: line feed missing after stream begin marker (76 0 R)
warning: line feed missing after stream begin marker (73 0 R)
warning: line feed missing after stream begin marker (70 0 R)
warning: line feed missing after stream begin marker (67 0 R)
warning: line feed missing after stream begin marker (64 0 R)
warning: line feed missing after stream begin marker (61 0 R)
warning: line feed missing after stream begin marker (58 0 R)
warning: line feed missing after stream begin marker (55 0 R)
warning: line feed missing after stream begin marker (52 0 R)
warning: line feed missing after stream begin marker (49 0 R)
warning: line feed missing after stream begin marker (46 0 R)
warning: line feed missing after stream begin marker (43 0 R)
warning: line feed missing after stream begin marker (40 0 R)
warning: line feed missing after stream begin marker (36 0 R)
warning: line feed missing after stream begin marker (32 0 R)
warning: line feed missing after stream begin marker (29 0 R)
warning: line feed missing after stream begin marker (26 0 R)
warning: line feed missing after stream begin marker (21 0 R)
warning: line feed missing after stream begin marker (18 0 R)
warning: line feed missing after stream begin marker (15 0 R)
warning: line feed missing after stream begin marker (225 0 R)
warning: line feed missing after stream begin marker (228 0 R)
warning: line feed missing after stream begin marker (231 0 R)
warning: line feed missing after stream begin marker (234 0 R)
warning: line feed missing after stream begin marker (237 0 R)
warning: line feed missing after stream begin marker (240 0 R)
warning: line feed missing after stream begin marker (243 0 R)
warning: line feed missing after stream begin marker (246 0 R)
warning: line feed missing after stream begin marker (249 0 R)
warning: line feed missing after stream begin marker (252 0 R)
warning: line feed missing after stream begin marker (255 0 R)
warning: line feed missing after stream begin marker (258 0 R)
warning: line feed missing after stream begin marker (261 0 R)
warning: line feed missing after stream begin marker (264 0 R)
warning: line feed missing after stream begin marker (267 0 R)
warning: line feed missing after stream begin marker (270 0 R)
warning: line feed missing after stream begin marker (273 0 R)
warning: line feed missing after stream begin marker (276 0 R)
warning: line feed missing after stream begin marker (279 0 R)
warning: line feed missing after stream begin marker (282 0 R)
warning: line feed missing after stream begin marker (285 0 R)
warning: line feed missing after stream begin marker (288 0 R)
warning: line feed missing after stream begin marker (291 0 R)
warning: line feed missing after stream begin marker (294 0 R)
warning: line feed missing after stream begin marker (297 0 R)
warning: line feed missing after stream begin marker (300 0 R)
warning: line feed missing after stream begin marker (303 0 R)
warning: line feed missing after stream begin marker (306 0 R)
warning: line feed missing after stream begin marker (309 0 R)
warning: line feed missing after stream begin marker (312 0 R)
warning: line feed missing after stream begin marker (315 0 R)
warning: line feed missing after stream begin marker (318 0 R)
warning: line feed missing after stream begin marker (321 0 R)
warning: line feed missing after stream begin marker (324 0 R)
warning: line feed missing after stream begin marker (327 0 R)
warning: line feed missing after stream begin marker (330 0 R)
warning: line feed missing after stream begin marker (333 0 R)
warning: line feed missing after stream begin marker (336 0 R)
warning: line feed missing after stream begin marker (339 0 R)
warning: line feed missing after stream begin marker (342 0 R)
warning: line feed missing after stream begin marker (345 0 R)
warning: line feed missing after stream begin marker (348 0 R)
warning: line feed missing after stream begin marker (351 0 R)
warning: line feed missing after stream begin marker (354 0 R)
warning: line feed missing after stream begin marker (357 0 R)
warning: line feed missing after stream begin marker (360 0 R)
warning: line feed missing after stream begin marker (363 0 R)
warning: line feed missing after stream begin marker (366 0 R)
warning: line feed missing after stream begin marker (5 0 R)
warning: line feed missing after stream begin marker (9 0 R)
warning: line feed missing after stream begin marker (12 0 R)
warning: line feed missing after stream begin marker (210 0 R)
warning: line feed missing after stream begin marker (213 0 R)
warning: line feed missing after stream begin marker (207 0 R)
warning: line feed missing after stream begin marker (216 0 R)
warning: line feed missing after stream begin marker (219 0 R)
warning: line feed missing after stream begin marker (222 0 R)
warning: line feed missing after stream begin marker (216 0 R)
warning: line feed missing after stream begin marker (219 0 R)
warning: line feed missing after stream begin marker (222 0 R)
warning: line feed missing after stream begin marker (213 0 R)
warning: line feed missing after stream begin marker (210 0 R)
warning: line feed missing after stream begin marker (207 0 R)
warning: line feed missing after stream begin marker (204 0 R)
warning: line feed missing after stream begin marker (201 0 R)
warning: line feed missing after stream begin marker (198 0 R)
warning: line feed missing after stream begin marker (195 0 R)
warning: line feed missing after stream begin marker (192 0 R)
nothing to copy on page 64
iostreamwarning: line feed missing after stream begin marker (5 0 R)
warning: line feed missing after stream begin marker (9 0 R)
warning: line feed missing after stream begin marker (12 0 R)
warning: line feed missing after stream begin marker (5 0 R)
warning: line feed missing after stream begin marker (9 0 R)
warning: line feed missing after stream begin marker (12 0 R)
warning: line feed missing after stream begin marker (207 0 R)
warning: line feed missing after stream begin marker (204 0 R)
warning: line feed missing after stream begin marker (210 0 R)
warning: line feed missing after stream begin marker (213 0 R)
warning: line feed missing after stream begin marker (216 0 R)
warning: line feed missing after stream begin marker (219 0 R)
warning: line feed missing after stream begin marker (222 0 R)
warning: line feed missing after stream begin marker (225 0 R)
warning: line feed missing after stream begin marker (228 0 R)
warning: line feed missing after stream begin marker (231 0 R)
warning: line feed missing after stream begin marker (234 0 R)
warning: line feed missing after stream begin marker (228 0 R)
warning: line feed missing after stream begin marker (231 0 R)
warning: line feed missing after stream begin marker (225 0 R)
warning: line feed missing after stream begin marker (234 0 R)
warning: line feed missing after stream begin marker (237 0 R)
warning: line feed missing after stream begin marker (240 0 R)
Error loading configuration from `/home/masnes/.config/llpp.conf': Failure("parse error: malformed attribute list: at 27 [..<keymap mo..]")
Error loading configuration from `/home/masnes/.config/llpp.conf': Failure("parse error: malformed attribute list: at 27 [..<keymap mo..]")
failed to load configuration
warning: line feed missing after stream begin marker (5 0 R)
warning: line feed missing after stream begin marker (9 0 R)
warning: line feed missing after stream begin marker (12 0 R)
warning: line feed missing after stream begin marker (219 0 R)
warning: line feed missing after stream begin marker (216 0 R)
warning: line feed missing after stream begin marker (222 0 R)
Error loading configuration from `/home/masnes/.config/llpp.conf': Failure("parse error: malformed attribute list: at 27 [..<keymap mo..]")
warning: line feed missing after stream begin marker (18 0 R)
warning: line feed missing after stream begin marker (21 0 R)
warning: line feed missing after stream begin marker (15 0 R)
warning: line feed missing after stream begin marker (18 0 R)
warning: line feed missing after stream begin marker (21 0 R)
warning: line feed missing after stream begin marker (15 0 R)
warning: line feed missing after stream begin marker (26 0 R)
warning: line feed missing after stream begin marker (18 0 R)
warning: line feed missing after stream begin marker (21 0 R)
warning: line feed missing after stream begin marker (15 0 R)
warning: line feed missing after stream begin marker (18 0 R)
warning: line feed missing after stream begin marker (21 0 R)
warning: line feed missing after stream begin marker (15 0 R)
warning: line feed missing after stream begin marker (18 0 R)
warning: line feed missing after stream begin marker (21 0 R)
warning: line feed missing after stream begin marker (15 0 R)
warning: line feed missing after stream begin marker (26 0 R)
warning: line feed missing after stream begin marker (18 0 R)
warning: line feed missing after stream begin marker (21 0 R)
warning: line feed missing after stream begin marker (15 0 R)
warning: line feed missing after stream begin marker (26 0 R)
warning: line feed missing after stream begin marker (12 0 R)
warning: line feed missing after stream begin marker (9 0 R)
warning: line feed missing after stream begin marker (5 0 R)
warning: line feed missing after stream begin marker (237 0 R)
warning: line feed missing after stream begin marker (234 0 R)
warning: line feed missing after stream begin marker (240 0 R)
warning: line feed missing after stream begin marker (243 0 R)
warning: line feed missing after stream begin marker (246 0 R)
warning: line feed missing after stream begin marker (231 0 R)
warning: line feed missing after stream begin marker (249 0 R)
warning: line feed missing after stream begin marker (240 0 R)
warning: line feed missing after stream begin marker (237 0 R)
warning: line feed missing after stream begin marker (243 0 R)
warning: line feed missing after stream begin marker (246 0 R)
warning: line feed missing after stream begin marker (249 0 R)
warning: line feed missing after stream begin marker (252 0 R)
warning: line feed missing after stream begin marker (255 0 R)
warning: line feed missing after stream begin marker (258 0 R)
warning: line feed missing after stream begin marker (261 0 R)
warning: line feed missing after stream begin marker (240 0 R)
warning: line feed missing after stream begin marker (237 0 R)
warning: line feed missing after stream begin marker (243 0 R)
warning: line feed missing after stream begin marker (246 0 R)
warning: line feed missing after stream begin marker (249 0 R)
warning: line feed missing after stream begin marker (252 0 R)
warning: line feed missing after stream begin marker (255 0 R)
warning: line feed missing after stream begin marker (258 0 R)
warning: line feed missing after stream begin marker (261 0 R)
warning: line feed missing after stream begin marker (264 0 R)
warning: line feed missing after stream begin marker (267 0 R)
warning: line feed missing after stream begin marker (5 0 R)
warning: line feed missing after stream begin marker (9 0 R)
warning: line feed missing after stream begin marker (12 0 R)
warning: line feed missing after stream begin marker (15 0 R)
warning: line feed missing after stream begin marker (270 0 R)
warning: line feed missing after stream begin marker (273 0 R)
warning: line feed missing after stream begin marker (276 0 R)
warning: line feed missing after stream begin marker (270 0 R)
warning: line feed missing after stream begin marker (267 0 R)
warning: line feed missing after stream begin marker (273 0 R)
warning: line feed missing after stream begin marker (264 0 R)
warning: line feed missing after stream begin marker (276 0 R)
warning: line feed missing after stream begin marker (270 0 R)
warning: line feed missing after stream begin marker (267 0 R)
warning: line feed missing after stream begin marker (273 0 R)
warning: line feed missing after stream begin marker (270 0 R)
warning: line feed missing after stream begin marker (267 0 R)
warning: line feed missing after stream begin marker (273 0 R)
warning: line feed missing after stream begin marker (276 0 R)
warning: line feed missing after stream begin marker (279 0 R)
warning: line feed missing after stream begin marker (264 0 R)
warning: line feed missing after stream begin marker (261 0 R)
warning: line feed missing after stream begin marker (282 0 R)
warning: line feed missing after stream begin marker (285 0 R)
warning: line feed missing after stream begin marker (258 0 R)
warning: line feed missing after stream begin marker (288 0 R)
warning: line feed missing after stream begin marker (291 0 R)
warning: line feed missing after stream begin marker (279 0 R)
warning: line feed missing after stream begin marker (282 0 R)
warning: line feed missing after stream begin marker (276 0 R)
warning: line feed missing after stream begin marker (285 0 R)
warning: line feed missing after stream begin marker (279 0 R)
warning: line feed missing after stream begin marker (282 0 R)
warning: line feed missing after stream begin marker (276 0 R)
warning: line feed missing after stream begin marker (285 0 R)
warning: line feed missing after stream begin marker (282 0 R)
warning: line feed missing after stream begin marker (279 0 R)
warning: line feed missing after stream begin marker (285 0 R)
warning: line feed missing after stream begin marker (276 0 R)
warning: line feed missing after stream begin marker (273 0 R)
warning: line feed missing after stream begin marker (270 0 R)
warning: line feed missing after stream begin marker (288 0 R)
warning: line feed missing after stream begin marker (267 0 R)
warning: line feed missing after stream begin marker (264 0 R)
warning: line feed missing after stream begin marker (261 0 R)
warning: line feed missing after stream begin marker (258 0 R)
warning: line feed missing after stream begin marker (255 0 R)
warning: line feed missing after stream begin marker (252 0 R)
warning: line feed missing after stream begin marker (249 0 R)
warning: line feed missing after stream begin marker (246 0 R)
warning: line feed missing after stream begin marker (243 0 R)
warning: line feed missing after stream begin marker (240 0 R)
warning: line feed missing after stream begin marker (237 0 R)
warning: line feed missing after stream begin marker (234 0 R)
warning: line feed missing after stream begin marker (231 0 R)
warning: line feed missing after stream begin marker (228 0 R)
warning: line feed missing after stream begin marker (225 0 R)
warning: line feed missing after stream begin marker (222 0 R)
warning: line feed missing after stream begin marker (219 0 R)
warning: line feed missing after stream begin marker (216 0 R)
warning: line feed missing after stream begin marker (213 0 R)
warning: line feed missing after stream begin marker (210 0 R)
warning: line feed missing after stream begin marker (207 0 R)
warning: line feed missing after stream begin marker (204 0 R)
warning: line feed missing after stream begin marker (201 0 R)
warning: line feed missing after stream begin marker (198 0 R)
warning: line feed missing after stream begin marker (195 0 R)
warning: line feed missing after stream begin marker (192 0 R)
warning: line feed missing after stream begin marker (189 0 R)
warning: line feed missing after stream begin marker (186 0 R)
warning: line feed missing after stream begin marker (282 0 R)
warning: line feed missing after stream begin marker (285 0 R)
warning: line feed missing after stream begin marker (288 0 R)
warning: line feed missing after stream begin marker (291 0 R)
warning: line feed missing after stream begin marker (294 0 R)
warning: line feed missing after stream begin marker (297 0 R)
warning: line feed missing after stream begin marker (300 0 R)
warning: line feed missing after stream begin marker (303 0 R)
warning: line feed missing after stream begin marker (306 0 R)
warning: line feed missing after stream begin marker (309 0 R)
warning: line feed missing after stream begin marker (312 0 R)
warning: line feed missing after stream begin marker (315 0 R)
warning: line feed missing after stream begin marker (318 0 R)
warning: line feed missing after stream begin marker (321 0 R)
warning: line feed missing after stream begin marker (324 0 R)
warning: line feed missing after stream begin marker (327 0 R)
warning: line feed missing after stream begin marker (330 0 R)
warning: line feed missing after stream begin marker (333 0 R)
warning: line feed missing after stream begin marker (336 0 R)
warning: line feed missing after stream begin marker (339 0 R)
warning: line feed missing after stream begin marker (342 0 R)
warning: line feed missing after stream begin marker (345 0 R)
warning: line feed missing after stream begin marker (348 0 R)
warning: line feed missing after stream begin marker (351 0 R)
warning: line feed missing after stream begin marker (354 0 R)
warning: line feed missing after stream begin marker (357 0 R)
warning: line feed missing after stream begin marker (360 0 R)
warning: line feed missing after stream begin marker (363 0 R)
warning: line feed missing after stream begin marker (366 0 R)
warning: line feed missing after stream begin marker (369 0 R)
warning: line feed missing after stream begin marker (372 0 R)
warning: line feed missing after stream begin marker (375 0 R)
warning: line feed missing after stream begin marker (378 0 R)
warning: line feed missing after stream begin marker (381 0 R)
warning: line feed missing after stream begin marker (384 0 R)
warning: line feed missing after stream begin marker (387 0 R)
warning: line feed missing after stream begin marker (390 0 R)
warning: line feed missing after stream begin marker (393 0 R)
warning: line feed missing after stream begin marker (396 0 R)
warning: line feed missing after stream begin marker (399 0 R)
warning: line feed missing after stream begin marker (402 0 R)
warning: line feed missing after stream begin marker (405 0 R)
warning: line feed missing after stream begin marker (408 0 R)
warning: line feed missing after stream begin marker (411 0 R)
warning: line feed missing after stream begin marker (414 0 R)
warning: line feed missing after stream begin marker (417 0 R)
warning: line feed missing after stream begin marker (420 0 R)
warning: line feed missing after stream begin marker (423 0 R)
warning: line feed missing after stream begin marker (426 0 R)
warning: line feed missing after stream begin marker (429 0 R)
warning: line feed missing after stream begin marker (432 0 R)
warning: line feed missing after stream begin marker (435 0 R)
warning: line feed missing after stream begin marker (438 0 R)
warning: line feed missing after stream begin marker (441 0 R)
warning: line feed missing after stream begin marker (444 0 R)
warning: line feed missing after stream begin marker (447 0 R)
warning: line feed missing after stream begin marker (450 0 R)
warning: line feed missing after stream begin marker (453 0 R)
warning: line feed missing after stream begin marker (456 0 R)
warning: line feed missing after stream begin marker (459 0 R)
warning: line feed missing after stream begin marker (462 0 R)
warning: line feed missing after stream begin marker (465 0 R)
warning: line feed missing after stream begin marker (468 0 R)
warning: line feed missing after stream begin marker (471 0 R)
warning: line feed missing after stream begin marker (474 0 R)
warning: line feed missing after stream begin marker (477 0 R)
warning: line feed missing after stream begin marker (480 0 R)
warning: line feed missing after stream begin marker (483 0 R)
warning: line feed missing after stream begin marker (486 0 R)
warning: line feed missing after stream begin marker (279 0 R)
warning: line feed missing after stream begin marker (288 0 R)
warning: line feed missing after stream begin marker (291 0 R)
warning: line feed missing after stream begin marker (285 0 R)
warning: line feed missing after stream begin marker (294 0 R)
warning: line feed missing after stream begin marker (297 0 R)
warning: line feed missing after stream begin marker (294 0 R)
warning: line feed missing after stream begin marker (291 0 R)
warning: line feed missing after stream begin marker (297 0 R)
warning: line feed missing after stream begin marker (300 0 R)
warning: line feed missing after stream begin marker (303 0 R)
warning: line feed missing after stream begin marker (306 0 R)
SyncTex /home/masnes/developing/c/thecprogramminglanguage/C.pdf 96 344 654
warning: line feed missing after stream begin marker (309 0 R)
SyncTex /home/masnes/developing/c/thecprogramminglanguage/C.pdf 97 502 44
SyncTex /home/masnes/developing/c/thecprogramminglanguage/C.pdf 97 484 238
SyncTex /home/masnes/developing/c/thecprogramminglanguage/C.pdf 97 284 186
SyncTex /home/masnes/developing/c/thecprogramminglanguage/C.pdf 97 298 356
warning: line feed missing after stream begin marker (294 0 R)
warning: line feed missing after stream begin marker (291 0 R)
warning: line feed missing after stream begin marker (297 0 R)
warning: line feed missing after stream begin marker (294 0 R)
warning: line feed missing after stream begin marker (291 0 R)
warning: line feed missing after stream begin marker (297 0 R)
warning: line feed missing after stream begin marker (300 0 R)
warning: line feed missing after stream begin marker (303 0 R)
warning: line feed missing after stream begin marker (306 0 R)
warning: line feed missing after stream begin marker (300 0 R)
warning: line feed missing after stream begin marker (297 0 R)
warning: line feed missing after stream begin marker (303 0 R)
warning: line feed missing after stream begin marker (306 0 R)
warning: line feed missing after stream begin marker (5 0 R)
warning: line feed missing after stream begin marker (9 0 R)
warning: line feed missing after stream begin marker (12 0 R)
warning: line feed missing after stream begin marker (15 0 R)
warning: line feed missing after stream begin marker (18 0 R)
warning: line feed missing after stream begin marker (21 0 R)
warning: line feed missing after stream begin marker (26 0 R)
warning: line feed missing after stream begin marker (29 0 R)
warning: line feed missing after stream begin marker (32 0 R)
warning: line feed missing after stream begin marker (36 0 R)
warning: line feed missing after stream begin marker (40 0 R)
warning: line feed missing after stream begin marker (43 0 R)
warning: line feed missing after stream begin marker (46 0 R)
warning: line feed missing after stream begin marker (49 0 R)
warning: line feed missing after stream begin marker (52 0 R)
warning: line feed missing after stream begin marker (55 0 R)
warning: line feed missing after stream begin marker (58 0 R)
warning: line feed missing after stream begin marker (61 0 R)
warning: line feed missing after stream begin marker (64 0 R)
warning: line feed missing after stream begin marker (67 0 R)
warning: line feed missing after stream begin marker (70 0 R)
warning: line feed missing after stream begin marker (73 0 R)
warning: line feed missing after stream begin marker (76 0 R)
warning: line feed missing after stream begin marker (79 0 R)
warning: line feed missing after stream begin marker (82 0 R)
warning: line feed missing after stream begin marker (85 0 R)
warning: line feed missing after stream begin marker (88 0 R)
warning: line feed missing after stream begin marker (91 0 R)
warning: line feed missing after stream begin marker (94 0 R)
warning: line feed missing after stream begin marker (97 0 R)
warning: line feed missing after stream begin marker (100 0 R)
warning: line feed missing after stream begin marker (103 0 R)
warning: line feed missing after stream begin marker (106 0 R)
warning: line feed missing after stream begin marker (109 0 R)
warning: line feed missing after stream begin marker (112 0 R)
warning: line feed missing after stream begin marker (294 0 R)
warning: line feed missing after stream begin marker (291 0 R)
warning: line feed missing after stream begin marker (288 0 R)
warning: line feed missing after stream begin marker (285 0 R)
warning: line feed missing after stream begin marker (282 0 R)
warning: line feed missing after stream begin marker (279 0 R)
warning: line feed missing after stream begin marker (276 0 R)
warning: line feed missing after stream begin marker (273 0 R)
warning: line feed missing after stream begin marker (270 0 R)
warning: line feed missing after stream begin marker (267 0 R)
warning: line feed missing after stream begin marker (264 0 R)
warning: line feed missing after stream begin marker (261 0 R)
warning: line feed missing after stream begin marker (264 0 R)
warning: line feed missing after stream begin marker (261 0 R)
warning: line feed missing after stream begin marker (267 0 R)
warning: line feed missing after stream begin marker (264 0 R)
warning: line feed missing after stream begin marker (261 0 R)
warning: line feed missing after stream begin marker (267 0 R)
warning: line feed missing after stream begin marker (270 0 R)
warning: line feed missing after stream begin marker (273 0 R)
warning: line feed missing after stream begin marker (276 0 R)
warning: line feed missing after stream begin marker (258 0 R)
warning: line feed missing after stream begin marker (279 0 R)
warning: line feed missing after stream begin marker (282 0 R)
warning: line feed missing after stream begin marker (285 0 R)
warning: line feed missing after stream begin marker (288 0 R)
warning: line feed missing after stream begin marker (291 0 R)
warning: line feed missing after stream begin marker (294 0 R)
warning: line feed missing after stream begin marker (297 0 R)
warning: line feed missing after stream begin marker (300 0 R)
warning: line feed missing after stream begin marker (303 0 R)
warning: line feed missing after stream begin marker (306 0 R)
warning: line feed missing after stream begin marker (264 0 R)
warning: line feed missing after stream begin marker (261 0 R)
warning: line feed missing after stream begin marker (267 0 R)
warning: line feed missing after stream begin marker (258 0 R)
warning: line feed missing after stream begin marker (270 0 R)
warning: line feed missing after stream begin marker (273 0 R)
warning: line feed missing after stream begin marker (276 0 R)
warning: line feed missing after stream begin marker (279 0 R)
warning: line feed missing after stream begin marker (282 0 R)
warning: line feed missing after stream begin marker (285 0 R)
warning: line feed missing after stream begin marker (288 0 R)
warning: line feed missing after stream begin marker (291 0 R)
warning: line feed missing after stream begin marker (294 0 R)
warning: line feed missing after stream begin marker (297 0 R)
warning: line feed missing after stream begin marker (300 0 R)
warning: line feed missing after stream begin marker (303 0 R)
warning: line feed missing after stream begin marker (306 0 R)
warning: line feed missing after stream begin marker (309 0 R)
XIO:  fatal IO error 11 (Resource temporarily unavailable) on X server ":0"
      after 289 requests (289 known processed) with 0 events remaining.
warning: line feed missing after stream begin marker (264 0 R)
warning: line feed missing after stream begin marker (261 0 R)
warning: line feed missing after stream begin marker (267 0 R)
warning: line feed missing after stream begin marker (264 0 R)
warning: line feed missing after stream begin marker (261 0 R)
warning: line feed missing after stream begin marker (267 0 R)
warning: line feed missing after stream begin marker (270 0 R)
warning: line feed missing after stream begin marker (306 0 R)
warning: line feed missing after stream begin marker (303 0 R)
warning: line feed missing after stream begin marker (309 0 R)
warning: line feed missing after stream begin marker (300 0 R)
warning: line feed missing after stream begin marker (297 0 R)
warning: line feed missing after stream begin marker (294 0 R)
warning: line feed missing after stream begin marker (291 0 R)
warning: line feed missing after stream begin marker (312 0 R)
warning: line feed missing after stream begin marker (264 0 R)
warning: line feed missing after stream begin marker (261 0 R)
warning: line feed missing after stream begin marker (267 0 R)
warning: line feed missing after stream begin marker (270 0 R)
warning: line feed missing after stream begin marker (306 0 R)
warning: line feed missing after stream begin marker (303 0 R)
warning: line feed missing after stream begin marker (309 0 R)
warning: line feed missing after stream begin marker (300 0 R)
warning: line feed missing after stream begin marker (303 0 R)
warning: line feed missing after stream begin marker (306 0 R)
warning: line feed missing after stream begin marker (300 0 R)
warning: line feed missing after stream begin marker (303 0 R)
warning: line feed missing after stream begin marker (306 0 R)
warning: line feed missing after stream begin marker (300 0 R)
warning: line feed missing after stream begin marker (309 0 R)
warning: line feed missing after stream begin marker (303 0 R)
warning: line feed missing after stream begin marker (306 0 R)
warning: line feed missing after stream begin marker (300 0 R)
warning: line feed missing after stream begin marker (303 0 R)
warning: line feed missing after stream begin marker (306 0 R)
warning: line feed missing after stream begin marker (300 0 R)
warning: line feed missing after stream begin marker (309 0 R)
warning: line feed missing after stream begin marker (312 0 R)
warning: line feed missing after stream begin marker (297 0 R)
warning: line feed missing after stream begin marker (294 0 R)
warning: line feed missing after stream begin marker (291 0 R)
warning: line feed missing after stream begin marker (288 0 R)
warning: line feed missing after stream begin marker (285 0 R)
warning: line feed missing after stream begin marker (282 0 R)
warning: line feed missing after stream begin marker (279 0 R)
warning: line feed missing after stream begin marker (276 0 R)
warning: line feed missing after stream begin marker (315 0 R)
warning: line feed missing after stream begin marker (318 0 R)
warning: line feed missing after stream begin marker (321 0 R)
warning: line feed missing after stream begin marker (324 0 R)
warning: line feed missing after stream begin marker (327 0 R)
warning: line feed missing after stream begin marker (330 0 R)
warning: line feed missing after stream begin marker (333 0 R)
warning: line feed missing after stream begin marker (336 0 R)
warning: line feed missing after stream begin marker (339 0 R)
warning: line feed missing after stream begin marker (342 0 R)
warning: line feed missing after stream begin marker (345 0 R)
warning: line feed missing after stream begin marker (348 0 R)
warning: line feed missing after stream begin marker (351 0 R)
warning: line feed missing after stream begin marker (354 0 R)
warning: line feed missing after stream begin marker (357 0 R)
warning: line feed missing after stream begin marker (360 0 R)
warning: line feed missing after stream begin marker (363 0 R)
warning: line feed missing after stream begin marker (366 0 R)
warning: line feed missing after stream begin marker (369 0 R)
warning: line feed missing after stream begin marker (372 0 R)
warning: line feed missing after stream begin marker (375 0 R)
warning: line feed missing after stream begin marker (378 0 R)
warning: line feed missing after stream begin marker (381 0 R)
warning: line feed missing after stream begin marker (384 0 R)
warning: line feed missing after stream begin marker (387 0 R)
warning: line feed missing after stream begin marker (390 0 R)
warning: line feed missing after stream begin marker (393 0 R)
warning: line feed missing after stream begin marker (396 0 R)
warning: line feed missing after stream begin marker (399 0 R)
warning: line feed missing after stream begin marker (402 0 R)
warning: line feed missing after stream begin marker (405 0 R)
warning: line feed missing after stream begin marker (408 0 R)
warning: line feed missing after stream begin marker (411 0 R)
warning: line feed missing after stream begin marker (414 0 R)
warning: line feed missing after stream begin marker (417 0 R)
warning: line feed missing after stream begin marker (420 0 R)
warning: line feed missing after stream begin marker (423 0 R)
warning: line feed missing after stream begin marker (426 0 R)
warning: line feed missing after stream begin marker (429 0 R)
warning: line feed missing after stream begin marker (432 0 R)
warning: line feed missing after stream begin marker (435 0 R)
warning: line feed missing after stream begin marker (438 0 R)
warning: line feed missing after stream begin marker (441 0 R)
warning: line feed missing after stream begin marker (444 0 R)
warning: line feed missing after stream begin marker (447 0 R)
warning: line feed missing after stream begin marker (450 0 R)
warning: line feed missing after stream begin marker (453 0 R)
warning: line feed missing after stream begin marker (456 0 R)
warning: line feed missing after stream begin marker (459 0 R)
warning: line feed missing after stream begin marker (462 0 R)
warning: line feed missing after stream begin marker (465 0 R)
warning: line feed missing after stream begin marker (468 0 R)
warning: line feed missing after stream begin marker (471 0 R)
warning: line feed missing after stream begin marker (474 0 R)
warning: line feed missing after stream begin marker (477 0 R)
warning: line feed missing after stream begin marker (480 0 R)
warning: line feed missing after stream begin marker (483 0 R)
warning: line feed missing after stream begin marker (486 0 R)
warning: line feed missing after stream begin marker (489 0 R)
warning: line feed missing after stream begin marker (492 0 R)
warning: line feed missing after stream begin marker (495 0 R)
warning: line feed missing after stream begin marker (498 0 R)
warning: line feed missing after stream begin marker (501 0 R)
warning: line feed missing after stream begin marker (504 0 R)
warning: line feed missing after stream begin marker (507 0 R)
warning: line feed missing after stream begin marker (510 0 R)
warning: line feed missing after stream begin marker (513 0 R)
warning: line feed missing after stream begin marker (516 0 R)
warning: line feed missing after stream begin marker (519 0 R)
warning: line feed missing after stream begin marker (522 0 R)
warning: line feed missing after stream begin marker (525 0 R)
warning: line feed missing after stream begin marker (528 0 R)
warning: line feed missing after stream begin marker (531 0 R)
warning: line feed missing after stream begin marker (534 0 R)
warning: line feed missing after stream begin marker (537 0 R)
warning: line feed missing after stream begin marker (540 0 R)
warning: line feed missing after stream begin marker (543 0 R)
warning: line feed missing after stream begin marker (546 0 R)
warning: line feed missing after stream begin marker (549 0 R)
warning: line feed missing after stream begin marker (552 0 R)
warning: line feed missing after stream begin marker (555 0 R)
warning: line feed missing after stream begin marker (558 0 R)
warning: line feed missing after stream begin marker (561 0 R)
warning: line feed missing after stream begin marker (564 0 R)
warning: line feed missing after stream begin marker (567 0 R)
warning: line feed missing after stream begin marker (570 0 R)
warning: line feed missing after stream begin marker (573 0 R)
warning: line feed missing after stream begin marker (576 0 R)
warning: line feed missing after stream begin marker (579 0 R)
warning: line feed missing after stream begin marker (582 0 R)
warning: line feed missing after stream begin marker (585 0 R)
warning: line feed missing after stream begin marker (588 0 R)
warning: line feed missing after stream begin marker (591 0 R)
warning: line feed missing after stream begin marker (594 0 R)
warning: line feed missing after stream begin marker (597 0 R)
warning: line feed missing after stream begin marker (600 0 R)
warning: line feed missing after stream begin marker (603 0 R)
warning: line feed missing after stream begin marker (606 0 R)
warning: line feed missing after stream begin marker (609 0 R)
warning: line feed missing after stream begin marker (612 0 R)
warning: line feed missing after stream begin marker (615 0 R)
warning: line feed missing after stream begin marker (618 0 R)
warning: line feed missing after stream begin marker (621 0 R)
warning: line feed missing after stream begin marker (624 0 R)
warning: line feed missing after stream begin marker (627 0 R)
warning: line feed missing after stream begin marker (630 0 R)
warning: line feed missing after stream begin marker (633 0 R)
warning: line feed missing after stream begin marker (636 0 R)
warning: line feed missing after stream begin marker (639 0 R)
warning: line feed missing after stream begin marker (642 0 R)
warning: line feed missing after stream begin marker (645 0 R)
warning: line feed missing after stream begin marker (648 0 R)
warning: line feed missing after stream begin marker (652 0 R)
warning: line feed missing after stream begin marker (655 0 R)
warning: line feed missing after stream begin marker (658 0 R)
warning: line feed missing after stream begin marker (661 0 R)
warning: line feed missing after stream begin marker (5 0 R)
warning: line feed missing after stream begin marker (9 0 R)
warning: line feed missing after stream begin marker (12 0 R)
warning: line feed missing after stream begin marker (15 0 R)
warning: line feed missing after stream begin marker (18 0 R)
warning: line feed missing after stream begin marker (21 0 R)
warning: line feed missing after stream begin marker (26 0 R)
warning: line feed missing after stream begin marker (29 0 R)
warning: line feed missing after stream begin marker (32 0 R)
warning: line feed missing after stream begin marker (36 0 R)
warning: line feed missing after stream begin marker (40 0 R)
warning: line feed missing after stream begin marker (43 0 R)
warning: line feed missing after stream begin marker (46 0 R)
warning: line feed missing after stream begin marker (49 0 R)
warning: line feed missing after stream begin marker (52 0 R)
warning: line feed missing after stream begin marker (55 0 R)
warning: line feed missing after stream begin marker (58 0 R)
warning: line feed missing after stream begin marker (61 0 R)
warning: line feed missing after stream begin marker (64 0 R)
warning: line feed missing after stream begin marker (67 0 R)
warning: line feed missing after stream begin marker (70 0 R)
warning: line feed missing after stream begin marker (73 0 R)
warning: line feed missing after stream begin marker (76 0 R)
warning: line feed missing after stream begin marker (79 0 R)
warning: line feed missing after stream begin marker (82 0 R)
warning: line feed missing after stream begin marker (85 0 R)
warning: line feed missing after stream begin marker (88 0 R)
warning: line feed missing after stream begin marker (91 0 R)
warning: line feed missing after stream begin marker (94 0 R)
warning: line feed missing after stream begin marker (97 0 R)
warning: line feed missing after stream begin marker (100 0 R)
warning: line feed missing after stream begin marker (103 0 R)
warning: line feed missing after stream begin marker (106 0 R)
warning: line feed missing after stream begin marker (109 0 R)
warning: line feed missing after stream begin marker (112 0 R)
warning: line feed missing after stream begin marker (115 0 R)
warning: line feed missing after stream begin marker (118 0 R)
warning: line feed missing after stream begin marker (121 0 R)
warning: line feed missing after stream begin marker (124 0 R)
warning: line feed missing after stream begin marker (127 0 R)
warning: line feed missing after stream begin marker (130 0 R)
warning: line feed missing after stream begin marker (133 0 R)
warning: line feed missing after stream begin marker (137 0 R)
warning: line feed missing after stream begin marker (140 0 R)
warning: line feed missing after stream begin marker (143 0 R)
warning: line feed missing after stream begin marker (146 0 R)
warning: line feed missing after stream begin marker (149 0 R)
warning: line feed missing after stream begin marker (152 0 R)
warning: line feed missing after stream begin marker (156 0 R)
warning: line feed missing after stream begin marker (159 0 R)
warning: line feed missing after stream begin marker (162 0 R)
warning: line feed missing after stream begin marker (165 0 R)
warning: line feed missing after stream begin marker (168 0 R)
warning: line feed missing after stream begin marker (171 0 R)
warning: line feed missing after stream begin marker (174 0 R)
warning: line feed missing after stream begin marker (177 0 R)
warning: line feed missing after stream begin marker (180 0 R)
warning: line feed missing after stream begin marker (183 0 R)
warning: line feed missing after stream begin marker (186 0 R)
warning: line feed missing after stream begin marker (189 0 R)
warning: line feed missing after stream begin marker (192 0 R)
warning: line feed missing after stream begin marker (195 0 R)
warning: line feed missing after stream begin marker (198 0 R)
warning: line feed missing after stream begin marker (201 0 R)
warning: line feed missing after stream begin marker (204 0 R)
warning: line feed missing after stream begin marker (207 0 R)
warning: line feed missing after stream begin marker (210 0 R)
warning: line feed missing after stream begin marker (213 0 R)
warning: line feed missing after stream begin marker (216 0 R)
warning: line feed missing after stream begin marker (219 0 R)
warning: line feed missing after stream begin marker (222 0 R)
warning: line feed missing after stream begin marker (225 0 R)
warning: line feed missing after stream begin marker (228 0 R)
warning: line feed missing after stream begin marker (231 0 R)
warning: line feed missing after stream begin marker (234 0 R)
warning: line feed missing after stream begin marker (237 0 R)
warning: line feed missing after stream begin marker (240 0 R)
warning: line feed missing after stream begin marker (243 0 R)
warning: line feed missing after stream begin marker (246 0 R)
warning: line feed missing after stream begin marker (249 0 R)
warning: line feed missing after stream begin marker (252 0 R)
warning: line feed missing after stream begin marker (255 0 R)
warning: line feed missing after stream begin marker (258 0 R)
warning: line feed missing after stream begin marker (261 0 R)
warning: line feed missing after stream begin marker (264 0 R)
warning: line feed missing after stream begin marker (267 0 R)
warning: line feed missing after stream begin marker (270 0 R)
warning: line feed missing after stream begin marker (273 0 R)
warning: line feed missing after stream begin marker (303 0 R)
warning: line feed missing after stream begin marker (306 0 R)
warning: line feed missing after stream begin marker (300 0 R)
warning: line feed missing after stream begin marker (303 0 R)
warning: line feed missing after stream begin marker (306 0 R)
warning: line feed missing after stream begin marker (300 0 R)
warning: line feed missing after stream begin marker (309 0 R)
warning: line feed missing after stream begin marker (312 0 R)
warning: line feed missing after stream begin marker (315 0 R)
warning: line feed missing after stream begin marker (318 0 R)
warning: line feed missing after stream begin marker (321 0 R)
warning: line feed missing after stream begin marker (324 0 R)
warning: line feed missing after stream begin marker (327 0 R)
warning: line feed missing after stream begin marker (330 0 R)
warning: line feed missing after stream begin marker (333 0 R)
warning: line feed missing after stream begin marker (336 0 R)
warning: line feed missing after stream begin marker (339 0 R)
warning: line feed missing after stream begin marker (342 0 R)
warning: line feed missing after stream begin marker (345 0 R)
warning: line feed missing after stream begin marker (348 0 R)
warning: line feed missing after stream begin marker (351 0 R)
warning: line feed missing after stream begin marker (354 0 R)
warning: line feed missing after stream begin marker (357 0 R)
warning: line feed missing after stream begin marker (360 0 R)
warning: line feed missing after stream begin marker (363 0 R)
warning: line feed missing after stream begin marker (366 0 R)
warning: line feed missing after stream begin marker (369 0 R)
warning: line feed missing after stream begin marker (372 0 R)
warning: line feed missing after stream begin marker (375 0 R)
warning: line feed missing after stream begin marker (378 0 R)
warning: line feed missing after stream begin marker (381 0 R)
warning: line feed missing after stream begin marker (384 0 R)
warning: line feed missing after stream begin marker (387 0 R)
warning: line feed missing after stream begin marker (390 0 R)
warning: line feed missing after stream begin marker (393 0 R)
warning: line feed missing after stream begin marker (396 0 R)
warning: line feed missing after stream begin marker (399 0 R)
warning: line feed missing after stream begin marker (402 0 R)
warning: line feed missing after stream begin marker (405 0 R)
warning: line feed missing after stream begin marker (408 0 R)
warning: line feed missing after stream begin marker (411 0 R)
warning: line feed missing after stream begin marker (414 0 R)
warning: line feed missing after stream begin marker (417 0 R)
warning: line feed missing after stream begin marker (420 0 R)
warning: line feed missing after stream begin marker (423 0 R)
warning: line feed missing after stream begin marker (426 0 R)
warning: line feed missing after stream begin marker (429 0 R)
warning: line feed missing after stream begin marker (432 0 R)
warning: line feed missing after stream begin marker (435 0 R)
warning: line feed missing after stream begin marker (438 0 R)
warning: line feed missing after stream begin marker (441 0 R)
warning: line feed missing after stream begin marker (444 0 R)
warning: line feed missing after stream begin marker (447 0 R)
warning: line feed missing after stream begin marker (450 0 R)
warning: line feed missing after stream begin marker (453 0 R)
warning: line feed missing after stream begin marker (456 0 R)
warning: line feed missing after stream begin marker (459 0 R)
warning: line feed missing after stream begin marker (462 0 R)
warning: line feed missing after stream begin marker (465 0 R)
warning: line feed missing after stream begin marker (468 0 R)
warning: line feed missing after stream begin marker (471 0 R)
warning: line feed missing after stream begin marker (474 0 R)
warning: line feed missing after stream begin marker (477 0 R)
warning: line feed missing after stream begin marker (480 0 R)
warning: line feed missing after stream begin marker (483 0 R)
warning: line feed missing after stream begin marker (486 0 R)
warning: line feed missing after stream begin marker (489 0 R)
warning: line feed missing after stream begin marker (492 0 R)
warning: line feed missing after stream begin marker (495 0 R)
warning: line feed missing after stream begin marker (498 0 R)
warning: line feed missing after stream begin marker (501 0 R)
warning: line feed missing after stream begin marker (504 0 R)
warning: line feed missing after stream begin marker (507 0 R)
warning: line feed missing after stream begin marker (510 0 R)
warning: line feed missing after stream begin marker (513 0 R)
warning: line feed missing after stream begin marker (516 0 R)
warning: line feed missing after stream begin marker (519 0 R)
warning: line feed missing after stream begin marker (522 0 R)
warning: line feed missing after stream begin marker (525 0 R)
warning: line feed missing after stream begin marker (528 0 R)
warning: line feed missing after stream begin marker (531 0 R)
warning: line feed missing after stream begin marker (534 0 R)
warning: line feed missing after stream begin marker (537 0 R)
warning: line feed missing after stream begin marker (540 0 R)
warning: line feed missing after stream begin marker (543 0 R)
warning: line feed missing after stream begin marker (546 0 R)
warning: line feed missing after stream begin marker (549 0 R)
warning: line feed missing after stream begin marker (552 0 R)
warning: line feed missing after stream begin marker (555 0 R)
warning: line feed missing after stream begin marker (558 0 R)
warning: line feed missing after stream begin marker (561 0 R)
warning: line feed missing after stream begin marker (564 0 R)
warning: line feed missing after stream begin marker (567 0 R)
warning: line feed missing after stream begin marker (570 0 R)
warning: line feed missing after stream begin marker (573 0 R)
warning: line feed missing after stream begin marker (576 0 R)
warning: line feed missing after stream begin marker (579 0 R)
warning: line feed missing after stream begin marker (582 0 R)
warning: line feed missing after stream begin marker (585 0 R)
warning: line feed missing after stream begin marker (588 0 R)
warning: line feed missing after stream begin marker (591 0 R)
warning: line feed missing after stream begin marker (594 0 R)
warning: line feed missing after stream begin marker (597 0 R)
warning: line feed missing after stream begin marker (600 0 R)
warning: line feed missing after stream begin marker (603 0 R)
warning: line feed missing after stream begin marker (606 0 R)
warning: line feed missing after stream begin marker (609 0 R)
warning: line feed missing after stream begin marker (612 0 R)
warning: line feed missing after stream begin marker (615 0 R)
warning: line feed missing after stream begin marker (618 0 R)
warning: line feed missing after stream begin marker (621 0 R)
warning: line feed missing after stream begin marker (624 0 R)
warning: line feed missing after stream begin marker (627 0 R)
warning: line feed missing after stream begin marker (630 0 R)
warning: line feed missing after stream begin marker (633 0 R)
warning: line feed missing after stream begin marker (636 0 R)
warning: line feed missing after stream begin marker (639 0 R)
warning: line feed missing after stream begin marker (642 0 R)
warning: line feed missing after stream begin marker (645 0 R)
warning: line feed missing after stream begin marker (648 0 R)
warning: line feed missing after stream begin marker (652 0 R)
warning: line feed missing after stream begin marker (655 0 R)
warning: line feed missing after stream begin marker (658 0 R)
warning: line feed missing after stream begin marker (661 0 R)
warning: line feed missing after stream begin marker (297 0 R)
warning: line feed missing after stream begin marker (294 0 R)
warning: line feed missing after stream begin marker (291 0 R)
warning: line feed missing after stream begin marker (288 0 R)
warning: line feed missing after stream begin marker (285 0 R)
warning: line feed missing after stream begin marker (282 0 R)
warning: line feed missing after stream begin marker (279 0 R)
warning: line feed missing after stream begin marker (276 0 R)
warning: line feed missing after stream begin marker (273 0 R)
warning: line feed missing after stream begin marker (270 0 R)
warning: line feed missing after stream begin marker (267 0 R)
warning: line feed missing after stream begin marker (264 0 R)
warning: line feed missing after stream begin marker (261 0 R)
warning: line feed missing after stream begin marker (258 0 R)
warning: line feed missing after stream begin marker (255 0 R)
warning: line feed missing after stream begin marker (252 0 R)
warning: line feed missing after stream begin marker (249 0 R)
warning: line feed missing after stream begin marker (246 0 R)
warning: line feed missing after stream begin marker (243 0 R)
warning: line feed missing after stream begin marker (240 0 R)
warning: line feed missing after stream begin marker (237 0 R)
warning: line feed missing after stream begin marker (234 0 R)
warning: line feed missing after stream begin marker (231 0 R)
warning: line feed missing after stream begin marker (228 0 R)
warning: line feed missing after stream begin marker (225 0 R)
warning: line feed missing after stream begin marker (222 0 R)
warning: line feed missing after stream begin marker (219 0 R)
warning: line feed missing after stream begin marker (216 0 R)
warning: line feed missing after stream begin marker (213 0 R)
warning: line feed missing after stream begin marker (210 0 R)
warning: line feed missing after stream begin marker (207 0 R)
warning: line feed missing after stream begin marker (204 0 R)
warning: line feed missing after stream begin marker (201 0 R)
warning: line feed missing after stream begin marker (198 0 R)
warning: line feed missing after stream begin marker (195 0 R)
warning: line feed missing after stream begin marker (192 0 R)
warning: line feed missing after stream begin marker (303 0 R)
warning: line feed missing after stream begin marker (306 0 R)
warning: line feed missing after stream begin marker (300 0 R)
warning: line feed missing after stream begin marker (309 0 R)
warning: line feed missing after stream begin marker (312 0 R)
warning: line feed missing after stream begin marker (315 0 R)
warning: line feed missing after stream begin marker (318 0 R)
warning: line feed missing after stream begin marker (303 0 R)
warning: line feed missing after stream begin marker (306 0 R)
warning: line feed missing after stream begin marker (300 0 R)
warning: line feed missing after stream begin marker (309 0 R)
warning: line feed missing after stream begin marker (312 0 R)
warning: line feed missing after stream begin marker (315 0 R)
warning: line feed missing after stream begin marker (318 0 R)
warning: line feed missing after stream begin marker (321 0 R)
warning: line feed missing after stream begin marker (303 0 R)
warning: line feed missing after stream begin marker (306 0 R)
warning: line feed missing after stream begin marker (300 0 R)
warning: line feed missing after stream begin marker (309 0 R)
warning: line feed missing after stream begin marker (312 0 R)
warning: line feed missing after stream begin marker (315 0 R)
warning: line feed missing after stream begin marker (309 0 R)
warning: line feed missing after stream begin marker (312 0 R)
warning: line feed missing after stream begin marker (315 0 R)
warning: line feed missing after stream begin marker (309 0 R)
warning: line feed missing after stream begin marker (312 0 R)
warning: line feed missing after stream begin marker (315 0 R)
warning: line feed missing after stream begin marker (318 0 R)
warning: line feed missing after stream begin marker (321 0 R)
warning: line feed missing after stream begin marker (324 0 R)
warning: line feed missing after stream begin marker (327 0 R)
warning: line feed missing after stream begin marker (330 0 R)
warning: line feed missing after stream begin marker (333 0 R)
warning: line feed missing after stream begin marker (336 0 R)
warning: line feed missing after stream begin marker (339 0 R)
warning: line feed missing after stream begin marker (342 0 R)
warning: line feed missing after stream begin marker (345 0 R)
warning: line feed missing after stream begin marker (348 0 R)
warning: line feed missing after stream begin marker (351 0 R)
warning: line feed missing after stream begin marker (354 0 R)
warning: line feed missing after stream begin marker (357 0 R)
warning: line feed missing after stream begin marker (360 0 R)
warning: line feed missing after stream begin marker (363 0 R)
warning: line feed missing after stream begin marker (366 0 R)
warning: line feed missing after stream begin marker (369 0 R)
warning: line feed missing after stream begin marker (372 0 R)
warning: line feed missing after stream begin marker (375 0 R)
warning: line feed missing after stream begin marker (378 0 R)
warning: line feed missing after stream begin marker (381 0 R)
warning: line feed missing after stream begin marker (384 0 R)
warning: line feed missing after stream begin marker (387 0 R)
warning: line feed missing after stream begin marker (390 0 R)
warning: line feed missing after stream begin marker (393 0 R)
warning: line feed missing after stream begin marker (396 0 R)
warning: line feed missing after stream begin marker (399 0 R)
warning: line feed missing after stream begin marker (402 0 R)
warning: line feed missing after stream begin marker (405 0 R)
warning: line feed missing after stream begin marker (408 0 R)
warning: line feed missing after stream begin marker (411 0 R)
warning: line feed missing after stream begin marker (414 0 R)
warning: line feed missing after stream begin marker (417 0 R)
warning: line feed missing after stream begin marker (420 0 R)
warning: line feed missing after stream begin marker (423 0 R)
warning: line feed missing after stream begin marker (426 0 R)
warning: line feed missing after stream begin marker (429 0 R)
warning: line feed missing after stream begin marker (432 0 R)
warning: line feed missing after stream begin marker (435 0 R)
warning: line feed missing after stream begin marker (438 0 R)
warning: line feed missing after stream begin marker (441 0 R)
warning: line feed missing after stream begin marker (444 0 R)
warning: line feed missing after stream begin marker (447 0 R)
warning: line feed missing after stream begin marker (450 0 R)
warning: line feed missing after stream begin marker (453 0 R)
warning: line feed missing after stream begin marker (456 0 R)
warning: line feed missing after stream begin marker (459 0 R)
warning: line feed missing after stream begin marker (462 0 R)
warning: line feed missing after stream begin marker (465 0 R)
warning: line feed missing after stream begin marker (468 0 R)
warning: line feed missing after stream begin marker (471 0 R)
warning: line feed missing after stream begin marker (474 0 R)
warning: line feed missing after stream begin marker (309 0 R)
warning: line feed missing after stream begin marker (312 0 R)
warning: line feed missing after stream begin marker (315 0 R)
warning: line feed missing after stream begin marker (318 0 R)
warning: line feed missing after stream begin marker (321 0 R)
warning: line feed missing after stream begin marker (324 0 R)
warning: line feed missing after stream begin marker (309 0 R)
warning: line feed missing after stream begin marker (312 0 R)
warning: line feed missing after stream begin marker (315 0 R)
warning: line feed missing after stream begin marker (318 0 R)
warning: line feed missing after stream begin marker (321 0 R)
warning: line feed missing after stream begin marker (324 0 R)
warning: line feed missing after stream begin marker (327 0 R)
warning: line feed missing after stream begin marker (330 0 R)
warning: line feed missing after stream begin marker (324 0 R)
warning: line feed missing after stream begin marker (327 0 R)
warning: line feed missing after stream begin marker (330 0 R)
warning: line feed missing after stream begin marker (321 0 R)
warning: line feed missing after stream begin marker (318 0 R)
warning: line feed missing after stream begin marker (315 0 R)
warning: line feed missing after stream begin marker (312 0 R)
warning: line feed missing after stream begin marker (309 0 R)
warning: line feed missing after stream begin marker (306 0 R)
warning: line feed missing after stream begin marker (333 0 R)
warning: line feed missing after stream begin marker (336 0 R)
warning: line feed missing after stream begin marker (339 0 R)
warning: line feed missing after stream begin marker (342 0 R)
warning: line feed missing after stream begin marker (345 0 R)
warning: line feed missing after stream begin marker (348 0 R)
warning: line feed missing after stream begin marker (351 0 R)
warning: line feed missing after stream begin marker (354 0 R)
warning: line feed missing after stream begin marker (357 0 R)
warning: line feed missing after stream begin marker (360 0 R)
warning: line feed missing after stream begin marker (363 0 R)
warning: line feed missing after stream begin marker (366 0 R)
warning: line feed missing after stream begin marker (369 0 R)
warning: line feed missing after stream begin marker (372 0 R)
lp: Error - no default destination available.
warning: line feed missing after stream begin marker (342 0 R)
warning: line feed missing after stream begin marker (345 0 R)
warning: line feed missing after stream begin marker (339 0 R)
warning: line feed missing after stream begin marker (336 0 R)
warning: line feed missing after stream begin marker (5 0 R)
warning: line feed missing after stream begin marker (9 0 R)
warning: line feed missing after stream begin marker (333 0 R)
warning: line feed missing after stream begin marker (348 0 R)
warning: line feed missing after stream begin marker (351 0 R)
warning: line feed missing after stream begin marker (354 0 R)
warning: line feed missing after stream begin marker (357 0 R)
warning: line feed missing after stream begin marker (330 0 R)
warning: line feed missing after stream begin marker (327 0 R)
warning: line feed missing after stream begin marker (324 0 R)
warning: line feed missing after stream begin marker (321 0 R)
warning: line feed missing after stream begin marker (360 0 R)
warning: line feed missing after stream begin marker (363 0 R)
warning: line feed missing after stream begin marker (366 0 R)
warning: line feed missing after stream begin marker (369 0 R)
warning: line feed missing after stream begin marker (372 0 R)
warning: line feed missing after stream begin marker (375 0 R)
warning: line feed missing after stream begin marker (378 0 R)
warning: line feed missing after stream begin marker (381 0 R)
warning: line feed missing after stream begin marker (384 0 R)
warning: line feed missing after stream begin marker (387 0 R)
warning: line feed missing after stream begin marker (390 0 R)
warning: line feed missing after stream begin marker (393 0 R)
warning: line feed missing after stream begin marker (396 0 R)
warning: line feed missing after stream begin marker (399 0 R)
warning: line feed missing after stream begin marker (402 0 R)
warning: line feed missing after stream begin marker (405 0 R)
warning: line feed missing after stream begin marker (408 0 R)
warning: line feed missing after stream begin marker (411 0 R)
warning: line feed missing after stream begin marker (414 0 R)
warning: line feed missing after stream begin marker (417 0 R)
warning: line feed missing after stream begin marker (420 0 R)
warning: line feed missing after stream begin marker (423 0 R)
warning: line feed missing after stream begin marker (426 0 R)
warning: line feed missing after stream begin marker (429 0 R)
warning: line feed missing after stream begin marker (432 0 R)
warning: line feed missing after stream begin marker (435 0 R)
warning: line feed missing after stream begin marker (438 0 R)
warning: line feed missing after stream begin marker (441 0 R)
warning: line feed missing after stream begin marker (444 0 R)
warning: line feed missing after stream begin marker (447 0 R)
warning: line feed missing after stream begin marker (450 0 R)
warning: line feed missing after stream begin marker (453 0 R)
warning: line feed missing after stream begin marker (456 0 R)
warning: line feed missing after stream begin marker (459 0 R)
warning: line feed missing after stream begin marker (462 0 R)
warning: line feed missing after stream begin marker (465 0 R)
warning: line feed missing after stream begin marker (468 0 R)
warning: line feed missing after stream begin marker (471 0 R)
warning: line feed missing after stream begin marker (474 0 R)
warning: line feed missing after stream begin marker (351 0 R)
warning: line feed missing after stream begin marker (348 0 R)
warning: line feed missing after stream begin marker (354 0 R)
warning: line feed missing after stream begin marker (357 0 R)
warning: line feed missing after stream begin marker (360 0 R)
warning: line feed missing after stream begin marker (363 0 R)
